Build started 9/25/2016 4:02:20 PM.
     1>Project "C:\Users\justi\EGP-410\steering\water.vcxproj" on node 2 (Build target(s)).
     1>ClCompile:
         C:\Program Files (x86)\Microsoft Visual Studio 12.0\VC\bin\CL.exe /c /I..\..\DeanLib /I"..\..\External Libs\Allegro5\include" /ZI /nologo /W3 /WX- /Od /Oy- /D WIN32 /D _DEBUG /D _CONSOLE /D _UNICODE /D UNICODE /Gm /EHsc /RTC1 /MDd /GS /fp:precise /Zc:wchar_t /Zc:forScope /Fo"Debug\\" /Fd"Debug\vc120.pdb" /Gd /TP /analyze- /errorReport:prompt DynamicArriveSteering.cpp DynamicSeekSteering.cpp Game.cpp GameMessage.cpp GameMessageManager.cpp GraphicsBuffer.cpp GraphicsBufferManager.cpp GraphicsSystem.cpp Kinematic.cpp KinematicArriveSteering.cpp KinematicSeekSteering.cpp KinematicUnit.cpp KinematicWanderSteering.cpp main.cpp PlayerMoveToMessage.cpp Sprite.cpp SpriteManager.cpp Steering.cpp UnitManager.cpp
         UnitManager.cpp
         Steering.cpp
     1>c:\users\justi\egp-410\steering\steering.h(16): fatal error C1083: Cannot open include file: 'Vector2D.h': No such file or directory
         SpriteManager.cpp
     1>c:\users\justi\egp-410\steering\spritemanager.h(1): fatal error C1083: Cannot open include file: 'Trackable.h': No such file or directory
         Sprite.cpp
     1>c:\users\justi\egp-410\steering\sprite.h(11): fatal error C1083: Cannot open include file: 'allegro5/allegro.h': No such file or directory
         PlayerMoveToMessage.cpp
     1>c:\users\justi\egp-410\steering\game.h(3): fatal error C1083: Cannot open include file: 'Trackable.h': No such file or directory
         main.cpp
     1>c:\users\justi\egp-410\steering\main.cpp(13): fatal error C1083: Cannot open include file: 'allegro5/allegro.h': No such file or directory
         KinematicWanderSteering.cpp
     1>c:\users\justi\egp-410\steering\steering.h(16): fatal error C1083: Cannot open include file: 'Vector2D.h': No such file or directory
         KinematicUnit.cpp
     1>c:\users\justi\egp-410\steering\game.h(3): fatal error C1083: Cannot open include file: 'Trackable.h': No such file or directory
         KinematicSeekSteering.cpp
     1>c:\users\justi\egp-410\steering\steering.h(16): fatal error C1083: Cannot open include file: 'Vector2D.h': No such file or directory
         KinematicArriveSteering.cpp
     1>c:\users\justi\egp-410\steering\steering.h(16): fatal error C1083: Cannot open include file: 'Vector2D.h': No such file or directory
         Kinematic.cpp
     1>c:\users\justi\egp-410\steering\kinematic.h(3): fatal error C1083: Cannot open include file: 'Vector2D.h': No such file or directory
         GraphicsSystem.cpp
     1>c:\users\justi\egp-410\steering\graphicssystem.cpp(1): fatal error C1083: Cannot open include file: 'allegro5/allegro.h': No such file or directory
         GraphicsBufferManager.cpp
     1>c:\users\justi\egp-410\steering\graphicsbuffermanager.h(5): fatal error C1083: Cannot open include file: 'Trackable.h': No such file or directory
         GraphicsBuffer.cpp
     1>c:\users\justi\egp-410\steering\graphicsbuffer.cpp(1): fatal error C1083: Cannot open include file: 'allegro5/allegro_primitives.h': No such file or directory
         GameMessageManager.cpp
     1>c:\users\justi\egp-410\steering\game.h(3): fatal error C1083: Cannot open include file: 'Trackable.h': No such file or directory
         GameMessage.cpp
     1>c:\users\justi\egp-410\steering\gamemessage.h(3): fatal error C1083: Cannot open include file: 'Trackable.h': No such file or directory
         Game.cpp
     1>c:\users\justi\egp-410\steering\game.cpp(3): fatal error C1083: Cannot open include file: 'allegro5/allegro.h': No such file or directory
         DynamicSeekSteering.cpp
     1>c:\users\justi\egp-410\steering\steering.h(16): fatal error C1083: Cannot open include file: 'Vector2D.h': No such file or directory
         DynamicArriveSteering.cpp
     1>c:\users\justi\egp-410\steering\steering.h(16): fatal error C1083: Cannot open include file: 'Vector2D.h': No such file or directory
         Generating Code...
     1>Done Building Project "C:\Users\justi\EGP-410\steering\water.vcxproj" (Build target(s)) -- FAILED.

Build FAILED.

Time Elapsed 00:00:06.17
